<?xml version="1.0" encoding="UTF-8"?>
<testng-results skipped="0" failed="0" total="1" passed="1">
  <reporter-output>
  </reporter-output>
  <suite name="Default suite" duration-ms="24587" started-at="2016-11-02T08:43:52Z" finished-at="2016-11-02T08:44:17Z">
    <groups>
    </groups>
    <test name="Default test" duration-ms="24587" started-at="2016-11-02T08:43:52Z" finished-at="2016-11-02T08:44:17Z">
      <class name="com.selenium.project.tests.RoadanFieldTest">
        <test-method status="PASS" signature="testRoadan1()[pri:0, instance:com.selenium.project.tests.RoadanFieldTest@9629756]" name="testRoadan1" duration-ms="24573" started-at="2016-11-02T14:13:52Z" finished-at="2016-11-02T14:14:17Z">
          <reporter-output>
          </reporter-output>
        </test-method> <!-- testRoadan1 -->
      </class> <!-- com.selenium.project.tests.RoadanFieldTest -->
    </test> <!-- Default test -->
  </suite> <!-- Default suite -->
</testng-results>
